-------------------------------------------------------------------------------
>Log Session: Tuesday, April 6, 2021 at 8:28:23 PM Central European Summer Time
>System Info: 
  Product Version         = Apache NetBeans Platform Dev (Build 11.2-d04fb24027334c4b6fd8397b5d0cdd33187a8f54)
  Operating System        = Mac OS X version 10.16 running on x86_64
  Java; VM; Vendor        = 14.0.2; Java HotSpot(TM) 64-Bit Server VM 14.0.2+12-46; Oracle Corporation
  Runtime                 = Java(TM) SE Runtime Environment 14.0.2+12-46
  Java Home               = /Library/Java/JavaVirtualMachines/jdk-14.0.2.jdk/Contents/Home
  System Locale; Encoding = da_DK (asteroidsnetbeansmodules); UTF-8
  Home Directory          = /Users/jakobrasmussen
  Current Directory       = /Users/jakobrasmussen/Desktop/Alt/Universitet/4. Semester/Komponentbaserede Systemer/Labs/Lektion 5/AsteroidsNetbeansModules/application
  User Directory          = /Users/jakobrasmussen/Desktop/Alt/Universitet/4. Semester/Komponentbaserede Systemer/Labs/Lektion 5/AsteroidsNetbeansModules/application/target/userdir
  Cache Directory         = /Users/jakobrasmussen/Desktop/Alt/Universitet/4. Semester/Komponentbaserede Systemer/Labs/Lektion 5/AsteroidsNetbeansModules/application/target/userdir/var/cache
  Installation            = /Users/jakobrasmussen/Desktop/Alt/Universitet/4. Semester/Komponentbaserede Systemer/Labs/Lektion 5/AsteroidsNetbeansModules/application/target/asteroidsnetbeansmodules/asteroidsnetbeansmodules
                            /Users/jakobrasmussen/Desktop/Alt/Universitet/4. Semester/Komponentbaserede Systemer/Labs/Lektion 5/AsteroidsNetbeansModules/application/target/asteroidsnetbeansmodules/bin
                            /Users/jakobrasmussen/Desktop/Alt/Universitet/4. Semester/Komponentbaserede Systemer/Labs/Lektion 5/AsteroidsNetbeansModules/application/target/asteroidsnetbeansmodules/platform
                            /Users/jakobrasmussen/Desktop/Alt/Universitet/4. Semester/Komponentbaserede Systemer/Labs/Lektion 5/AsteroidsNetbeansModules/application/target/asteroidsnetbeansmodules/etc
                            /Users/jakobrasmussen/Desktop/Alt/Universitet/4. Semester/Komponentbaserede Systemer/Labs/Lektion 5/AsteroidsNetbeansModules/application/target/asteroidsnetbeansmodules/platform
  Boot & Ext. Classpath   = 
  Application Classpath   = /Users/jakobrasmussen/Desktop/Alt/Universitet/4. Semester/Komponentbaserede Systemer/Labs/Lektion 5/AsteroidsNetbeansModules/application/target/asteroidsnetbeansmodules/platform/lib/boot.jar:/Users/jakobrasmussen/Desktop/Alt/Universitet/4. Semester/Komponentbaserede Systemer/Labs/Lektion 5/AsteroidsNetbeansModules/application/target/asteroidsnetbeansmodules/platform/lib/org-openide-modules.jar:/Users/jakobrasmussen/Desktop/Alt/Universitet/4. Semester/Komponentbaserede Systemer/Labs/Lektion 5/AsteroidsNetbeansModules/application/target/asteroidsnetbeansmodules/platform/lib/org-openide-util-lookup.jar:/Users/jakobrasmussen/Desktop/Alt/Universitet/4. Semester/Komponentbaserede Systemer/Labs/Lektion 5/AsteroidsNetbeansModules/application/target/asteroidsnetbeansmodules/platform/lib/org-openide-util-ui.jar:/Users/jakobrasmussen/Desktop/Alt/Universitet/4. Semester/Komponentbaserede Systemer/Labs/Lektion 5/AsteroidsNetbeansModules/application/target/asteroidsnetbeansmodules/platform/lib/org-openide-util.jar
  Startup Classpath       = /Users/jakobrasmussen/Desktop/Alt/Universitet/4. Semester/Komponentbaserede Systemer/Labs/Lektion 5/AsteroidsNetbeansModules/application/target/asteroidsnetbeansmodules/platform/core/org-netbeans-libs-asm.jar:/Users/jakobrasmussen/Desktop/Alt/Universitet/4. Semester/Komponentbaserede Systemer/Labs/Lektion 5/AsteroidsNetbeansModules/application/target/asteroidsnetbeansmodules/platform/core/asm-all-5.0.1.jar:/Users/jakobrasmussen/Desktop/Alt/Universitet/4. Semester/Komponentbaserede Systemer/Labs/Lektion 5/AsteroidsNetbeansModules/application/target/asteroidsnetbeansmodules/platform/core/org-openide-filesystems.jar:/Users/jakobrasmussen/Desktop/Alt/Universitet/4. Semester/Komponentbaserede Systemer/Labs/Lektion 5/AsteroidsNetbeansModules/application/target/asteroidsnetbeansmodules/platform/core/core.jar:/Users/jakobrasmussen/Desktop/Alt/Universitet/4. Semester/Komponentbaserede Systemer/Labs/Lektion 5/AsteroidsNetbeansModules/application/target/asteroidsnetbeansmodules/platform/core/core-base.jar
-------------------------------------------------------------------------------
INFO [org.netbeans.core.startup.NbEvents]: Turning on modules:
	org.openide.util.lookup [8.39 11.2-d04fb24027334c4b6fd8397b5d0cdd33187a8f54]
	org.openide.util [9.13 11.2-d04fb24027334c4b6fd8397b5d0cdd33187a8f54]
	org.openide.util.ui [9.14 11.2-d04fb24027334c4b6fd8397b5d0cdd33187a8f54]
	org.openide.modules [7.54 11.2-d04fb24027334c4b6fd8397b5d0cdd33187a8f54]
	org.netbeans.api.annotations.common/1 [1.33 11.2-d04fb24027334c4b6fd8397b5d0cdd33187a8f54]
	org.openide.filesystems [9.16 11.2-d04fb24027334c4b6fd8397b5d0cdd33187a8f54]
	org.netbeans.api.intent [1.8 11.2-d04fb24027334c4b6fd8397b5d0cdd33187a8f54]
	org.netbeans.api.io [1.9 11.2-d04fb24027334c4b6fd8397b5d0cdd33187a8f54]
	org.openide.io [1.55 11.2-d04fb24027334c4b6fd8397b5d0cdd33187a8f54]
	org.openide.awt [7.74 11.2-d04fb24027334c4b6fd8397b5d0cdd33187a8f54]
	org.netbeans.libs.asm [5.9 11.2-d04fb24027334c4b6fd8397b5d0cdd33187a8f54]
	org.netbeans.bootstrap/1 [2.84 11.2-d04fb24027334c4b6fd8397b5d0cdd33187a8f54]
	org.netbeans.core.startup.base [1.68.0.1 1 11.2-d04fb24027334c4b6fd8397b5d0cdd33187a8f54]
	org.netbeans.core.startup/1 [1.68.0.1 11.2-d04fb24027334c4b6fd8397b5d0cdd33187a8f54]
	org.netbeans.libs.osgi [1.28 11.2-d04fb24027334c4b6fd8397b5d0cdd33187a8f54]
	org.netbeans.core.netigso [1.37 11.2-d04fb24027334c4b6fd8397b5d0cdd33187a8f54]
	org.netbeans.modules.netbinox [1.47 11.2-d04fb24027334c4b6fd8397b5d0cdd33187a8f54]
	org.netbeans.api.progress/1 [1.53 11.2-d04fb24027334c4b6fd8397b5d0cdd33187a8f54]
	org.netbeans.api.progress.nb [1.53 11.2-d04fb24027334c4b6fd8397b5d0cdd33187a8f54]
	org.netbeans.modules.autoupdate.services [1.59 11.2-d04fb24027334c4b6fd8397b5d0cdd33187a8f54]
	dk.sdu.mmmi.cbse.SilentUpdate [1.0 1.0-20210311 202103110846]
	dk.sdu.mmmi.cbse.Common [1.0 1.0-20210311 202103110846]
	dk.sdu.mmmi.cbse.CommonBullet [1.0 1.0-20210311 202103110846]
	dk.sdu.mmmi.cbse.Player [1.0 1.0-20210311 202103110846]
	dk.sdu.mmmi.cbse.CommonEnemy [1.0 1.0-20210311 202103110846]
	dk.sdu.mmmi.cbse.Enemy [1.0 1.0-20210311 202103110846]
	dk.sdu.mmmi.cbse.Core [1.0 1.0-20210311 202103110846]
	dk.sdu.mmmi.cbse.CommonAsteroids [1.0 1.0-20210311 202103110846]
	dk.sdu.mmmi.cbse.Collision [1.0 1.0-20210311 202103110846]
	dk.sdu.mmmi.cbse.Bullet [1.0 1.0-20210311 202103110846]
	dk.sdu.mmmi.cbse.Asteroid [1.0 1.0-20210311 202103110846]
INFO [org.netbeans.modules.autoupdate.silentupdate]: None for update/install/uninstall
INFO [null]: Last record repeated again.
INFO [null]: Last record repeated again.
INFO [org.netbeans.modules.autoupdate.silentupdate]: Update found: Astroid2[dk.sdu.mmmi.cbse.Astroid2/1.0]
INFO [org.netbeans.updater]: 780: Unpacking dk-sdu-mmmi-cbse-Astroid2.nbm
INFO [org.netbeans.updater]: File installed /Users/jakobrasmussen/Desktop/Alt/Universitet/4. Semester/Komponentbaserede Systemer/Labs/Lektion 5/AsteroidsNetbeansModules/application/target/asteroidsnetbeansmodules/asteroidsnetbeansmodules/config/Modules/dk-sdu-mmmi-cbse-Astroid2.xml@0
INFO [org.netbeans.updater]: Copied file /Users/jakobrasmussen/Desktop/Alt/Universitet/4. Semester/Komponentbaserede Systemer/Labs/Lektion 5/AsteroidsNetbeansModules/application/target/asteroidsnetbeansmodules/asteroidsnetbeansmodules/update/download/dk-sdu-mmmi-cbse-Astroid2.nbm:netbeans/config/Modules/dk-sdu-mmmi-cbse-Astroid2.xml to /Users/jakobrasmussen/Desktop/Alt/Universitet/4. Semester/Komponentbaserede Systemer/Labs/Lektion 5/AsteroidsNetbeansModules/application/target/asteroidsnetbeansmodules/asteroidsnetbeansmodules/config/Modules/dk-sdu-mmmi-cbse-Astroid2.xml
INFO [org.netbeans.updater]: File installed /Users/jakobrasmussen/Desktop/Alt/Universitet/4. Semester/Komponentbaserede Systemer/Labs/Lektion 5/AsteroidsNetbeansModules/application/target/asteroidsnetbeansmodules/asteroidsnetbeansmodules/modules/dk-sdu-mmmi-cbse-Astroid2.jar@0
INFO [org.netbeans.updater]: Copied file /Users/jakobrasmussen/Desktop/Alt/Universitet/4. Semester/Komponentbaserede Systemer/Labs/Lektion 5/AsteroidsNetbeansModules/application/target/asteroidsnetbeansmodules/asteroidsnetbeansmodules/update/download/dk-sdu-mmmi-cbse-Astroid2.nbm:netbeans/modules/dk-sdu-mmmi-cbse-Astroid2.jar to /Users/jakobrasmussen/Desktop/Alt/Universitet/4. Semester/Komponentbaserede Systemer/Labs/Lektion 5/AsteroidsNetbeansModules/application/target/asteroidsnetbeansmodules/asteroidsnetbeansmodules/modules/dk-sdu-mmmi-cbse-Astroid2.jar
INFO [org.netbeans.updater]: File /Users/jakobrasmussen/Desktop/Alt/Universitet/4. Semester/Komponentbaserede Systemer/Labs/Lektion 5/AsteroidsNetbeansModules/application/target/asteroidsnetbeansmodules/asteroidsnetbeansmodules/update/download/dk-sdu-mmmi-cbse-Astroid2.nbm deleted.
INFO [org.netbeans.updater]: Use XML Transformer: com.sun.org.apache.xalan.internal.xsltc.trax.TransformerImpl@6b4e71f2
INFO [org.netbeans.updater]: File /Users/jakobrasmussen/Desktop/Alt/Universitet/4. Semester/Komponentbaserede Systemer/Labs/Lektion 5/AsteroidsNetbeansModules/application/target/asteroidsnetbeansmodules/asteroidsnetbeansmodules/update_tracking/dk-sdu-mmmi-cbse-Astroid2.xml modified.
INFO [org.netbeans.updater]: File installed /Users/jakobrasmussen/Desktop/Alt/Universitet/4. Semester/Komponentbaserede Systemer/Labs/Lektion 5/AsteroidsNetbeansModules/application/target/asteroidsnetbeansmodules/asteroidsnetbeansmodules/update_tracking/dk-sdu-mmmi-cbse-Astroid2.xml@0
INFO [org.netbeans.updater]: File /Users/jakobrasmussen/Desktop/Alt/Universitet/4. Semester/Komponentbaserede Systemer/Labs/Lektion 5/AsteroidsNetbeansModules/application/target/asteroidsnetbeansmodules/asteroidsnetbeansmodules/update/download/additional_information.xml deleted.
INFO [org.netbeans.core.startup.NbEvents]: Turning on modules:
	dk.sdu.mmmi.cbse.Astroid2 [1.0 1.0-20210311 202103110848]
INFO [org.netbeans.modules.autoupdate.silentupdate]: Install new modules done.
Turning on modules...
Loading module services...
Loading modules...
Turning on modules...done.
INFO [org.netbeans.modules.autoupdate.silentupdate]: None for update/install/uninstall
INFO [org.netbeans.modules.autoupdate.silentupdate]: Uninstall found: Astroid2[dk.sdu.mmmi.cbse.Astroid2/1.0]
INFO [org.netbeans.core.startup.NbEvents]: Turning off modules:
	dk.sdu.mmmi.cbse.Astroid2 [1.0 1.0-20210311 202103110848]
INFO [org.netbeans.modules.autoupdate.silentupdate]: Unstall modules done.
Turning off modules...
Turning off modules...done.
INFO [org.netbeans.modules.autoupdate.silentupdate]: None for update/install/uninstall
INFO [null]: Last record repeated again.
INFO [org.netbeans.modules.autoupdate.silentupdate]: Update found: Astroid2[dk.sdu.mmmi.cbse.Astroid2/1.0]
INFO [org.netbeans.updater]: 780: Unpacking dk-sdu-mmmi-cbse-Astroid2.nbm
INFO [org.netbeans.updater]: File installed /Users/jakobrasmussen/Desktop/Alt/Universitet/4. Semester/Komponentbaserede Systemer/Labs/Lektion 5/AsteroidsNetbeansModules/application/target/asteroidsnetbeansmodules/asteroidsnetbeansmodules/config/Modules/dk-sdu-mmmi-cbse-Astroid2.xml@0
INFO [org.netbeans.updater]: Copied file /Users/jakobrasmussen/Desktop/Alt/Universitet/4. Semester/Komponentbaserede Systemer/Labs/Lektion 5/AsteroidsNetbeansModules/application/target/asteroidsnetbeansmodules/asteroidsnetbeansmodules/update/download/dk-sdu-mmmi-cbse-Astroid2.nbm:netbeans/config/Modules/dk-sdu-mmmi-cbse-Astroid2.xml to /Users/jakobrasmussen/Desktop/Alt/Universitet/4. Semester/Komponentbaserede Systemer/Labs/Lektion 5/AsteroidsNetbeansModules/application/target/asteroidsnetbeansmodules/asteroidsnetbeansmodules/config/Modules/dk-sdu-mmmi-cbse-Astroid2.xml
INFO [org.netbeans.updater]: File installed /Users/jakobrasmussen/Desktop/Alt/Universitet/4. Semester/Komponentbaserede Systemer/Labs/Lektion 5/AsteroidsNetbeansModules/application/target/asteroidsnetbeansmodules/asteroidsnetbeansmodules/modules/dk-sdu-mmmi-cbse-Astroid2.jar@0
INFO [org.netbeans.updater]: Copied file /Users/jakobrasmussen/Desktop/Alt/Universitet/4. Semester/Komponentbaserede Systemer/Labs/Lektion 5/AsteroidsNetbeansModules/application/target/asteroidsnetbeansmodules/asteroidsnetbeansmodules/update/download/dk-sdu-mmmi-cbse-Astroid2.nbm:netbeans/modules/dk-sdu-mmmi-cbse-Astroid2.jar to /Users/jakobrasmussen/Desktop/Alt/Universitet/4. Semester/Komponentbaserede Systemer/Labs/Lektion 5/AsteroidsNetbeansModules/application/target/asteroidsnetbeansmodules/asteroidsnetbeansmodules/modules/dk-sdu-mmmi-cbse-Astroid2.jar
INFO [org.netbeans.updater]: File /Users/jakobrasmussen/Desktop/Alt/Universitet/4. Semester/Komponentbaserede Systemer/Labs/Lektion 5/AsteroidsNetbeansModules/application/target/asteroidsnetbeansmodules/asteroidsnetbeansmodules/update/download/dk-sdu-mmmi-cbse-Astroid2.nbm deleted.
INFO [org.netbeans.updater]: Use XML Transformer: com.sun.org.apache.xalan.internal.xsltc.trax.TransformerImpl@1345aa44
INFO [org.netbeans.updater]: File /Users/jakobrasmussen/Desktop/Alt/Universitet/4. Semester/Komponentbaserede Systemer/Labs/Lektion 5/AsteroidsNetbeansModules/application/target/asteroidsnetbeansmodules/asteroidsnetbeansmodules/update_tracking/dk-sdu-mmmi-cbse-Astroid2.xml modified.
INFO [org.netbeans.updater]: File installed /Users/jakobrasmussen/Desktop/Alt/Universitet/4. Semester/Komponentbaserede Systemer/Labs/Lektion 5/AsteroidsNetbeansModules/application/target/asteroidsnetbeansmodules/asteroidsnetbeansmodules/update_tracking/dk-sdu-mmmi-cbse-Astroid2.xml@0
INFO [org.netbeans.updater]: File /Users/jakobrasmussen/Desktop/Alt/Universitet/4. Semester/Komponentbaserede Systemer/Labs/Lektion 5/AsteroidsNetbeansModules/application/target/asteroidsnetbeansmodules/asteroidsnetbeansmodules/update/download/additional_information.xml deleted.
INFO [org.netbeans.core.startup.NbEvents]: Turning on modules:
	dk.sdu.mmmi.cbse.Astroid2 [1.0 1.0-20210311 202103110848]
INFO [org.netbeans.modules.autoupdate.silentupdate]: Install new modules done.
Turning on modules...
Loading module services...
Loading modules...
Turning on modules...done.
INFO [org.netbeans.modules.autoupdate.silentupdate]: None for update/install/uninstall
INFO [null]: Last record repeated again.
INFO [null]: Last record repeated again.
INFO [null]: Last record repeated again.
INFO [null]: Last record repeated again.
